<?xml version="1.0" encoding="UTF-8"?>
<!-- Generated by org.testng.reporters.JUnitXMLReporter -->
<testsuite ignored="0" hostname="DESKTOP-3K9HUG1" failures="0" tests="5" name="Default test" time="20.016" errors="0" timestamp="2022-08-23T16:12:02 IST">
  <testcase classname="com.testyourskill.PRACTICE.StudentSignup22Test" name="LoginAdmin" time="6.81"/>
  <testcase classname="com.testyourskill.PRACTICE.StudentSignup22Test" name="Studentouut" time="3.173"/>
  <testcase classname="com.testyourskill.PRACTICE.StudentSignup22Test" name="signup" time="2.887"/>
  <testcase classname="com.testyourskill.PRACTICE.StudentSignup22Test" name="stdtakeTest" time="0.316"/>
  <testcase classname="com.testyourskill.PRACTICE.StudentSignup22Test" name="AttendQuiz" time="1.761"/>
</testsuite> <!-- Default test -->
