<?xml version="1.0" encoding="UTF-8"?>
<!-- Generated by org.testng.reporters.JUnitXMLReporter -->
<testsuite ignored="4" hostname="DESKTOP-3K9HUG1" failures="0" tests="1" name="Test" time="8.181" errors="0" timestamp="2022-08-23T15:57:51 IST">
  <testcase classname="com.tesYourTestYourSkill.pomTestScripts.StudentSignupTest" name="signup" time="3.061"/>
  <testcase classname="com.tesYourTestYourSkill.pomTestScripts.StudentSignupTest" name="stdtakeTest" time="0.0">
    <ignored/>
  </testcase> <!-- stdtakeTest -->
  <testcase classname="com.tesYourTestYourSkill.pomTestScripts.StudentSignupTest" name="AttendQuiz" time="0.0">
    <ignored/>
  </testcase> <!-- AttendQuiz -->
  <testcase classname="com.tesYourTestYourSkill.pomTestScripts.StudentSignupTest" name="LoginAdmin" time="0.0">
    <ignored/>
  </testcase> <!-- LoginAdmin -->
  <testcase classname="com.tesYourTestYourSkill.pomTestScripts.StudentSignupTest" name="Studentouut" time="0.0">
    <ignored/>
  </testcase> <!-- Studentouut -->
</testsuite> <!-- Test -->
