<?xml version="1.0" encoding="UTF-8"?>
<testng-results ignored="0" total="5" passed="5" failed="0" skipped="0">
  <reporter-output>
  </reporter-output>
  <suite started-at="2022-08-23T16:11:42 IST" name="Default suite" finished-at="2022-08-23T16:12:02 IST" duration-ms="20016">
    <groups>
      <group name="regresion">
        <method signature="StudentSignup22Test.LoginAdmin()[pri:0, instance:com.testyourskill.PRACTICE.StudentSignup22Test@66d3eec0]" name="LoginAdmin" class="com.testyourskill.PRACTICE.StudentSignup22Test"/>
        <method signature="StudentSignup22Test.Studentouut()[pri:0, instance:com.testyourskill.PRACTICE.StudentSignup22Test@66d3eec0]" name="Studentouut" class="com.testyourskill.PRACTICE.StudentSignup22Test"/>
      </group> <!-- regresion -->
      <group name="smoke">
        <method signature="StudentSignup22Test.AttendQuiz()[pri:3, instance:com.testyourskill.PRACTICE.StudentSignup22Test@66d3eec0]" name="AttendQuiz" class="com.testyourskill.PRACTICE.StudentSignup22Test"/>
        <method signature="StudentSignup22Test.signup()[pri:1, instance:com.testyourskill.PRACTICE.StudentSignup22Test@66d3eec0]" name="signup" class="com.testyourskill.PRACTICE.StudentSignup22Test"/>
        <method signature="StudentSignup22Test.stdtakeTest()[pri:2, instance:com.testyourskill.PRACTICE.StudentSignup22Test@66d3eec0]" name="stdtakeTest" class="com.testyourskill.PRACTICE.StudentSignup22Test"/>
      </group> <!-- smoke -->
    </groups>
    <test started-at="2022-08-23T16:11:42 IST" name="Default test" finished-at="2022-08-23T16:12:02 IST" duration-ms="20016">
      <class name="com.testyourskill.PRACTICE.StudentSignup22Test">
        <test-method is-config="true" signature="configBS()[pri:0, instance:com.testyourskill.PRACTICE.StudentSignup22Test@66d3eec0]" started-at="2022-08-23T16:11:42 IST" name="configBS" finished-at="2022-08-23T16:11:42 IST" duration-ms="8" status="PASS">
          <reporter-output>
          </reporter-output>
        </test-method> <!-- configBS -->
        <test-method is-config="true" signature="confgBC()[pri:0, instance:com.testyourskill.PRACTICE.StudentSignup22Test@66d3eec0]" started-at="2022-08-23T16:11:42 IST" name="confgBC" finished-at="2022-08-23T16:11:47 IST" duration-ms="4996" status="PASS">
          <reporter-output>
          </reporter-output>
        </test-method> <!-- confgBC -->
        <test-method is-config="true" signature="configBM()[pri:0, instance:com.testyourskill.PRACTICE.StudentSignup22Test@66d3eec0]" started-at="2022-08-23T16:11:47 IST" name="configBM" finished-at="2022-08-23T16:11:47 IST" duration-ms="1" status="PASS">
          <reporter-output>
          </reporter-output>
        </test-method> <!-- configBM -->
        <test-method signature="LoginAdmin()[pri:0, instance:com.testyourskill.PRACTICE.StudentSignup22Test@66d3eec0]" started-at="2022-08-23T16:11:47 IST" name="LoginAdmin" finished-at="2022-08-23T16:11:54 IST" duration-ms="6810" status="PASS">
          <reporter-output>
          </reporter-output>
        </test-method> <!-- LoginAdmin -->
        <test-method is-config="true" signature="confgAM()[pri:0, instance:com.testyourskill.PRACTICE.StudentSignup22Test@66d3eec0]" started-at="2022-08-23T16:11:54 IST" name="confgAM" finished-at="2022-08-23T16:11:54 IST" duration-ms="0" status="PASS">
          <reporter-output>
          </reporter-output>
        </test-method> <!-- confgAM -->
        <test-method is-config="true" signature="configBM()[pri:0, instance:com.testyourskill.PRACTICE.StudentSignup22Test@66d3eec0]" started-at="2022-08-23T16:11:54 IST" name="configBM" finished-at="2022-08-23T16:11:54 IST" duration-ms="0" status="PASS">
          <reporter-output>
          </reporter-output>
        </test-method> <!-- configBM -->
        <test-method signature="Studentouut()[pri:0, instance:com.testyourskill.PRACTICE.StudentSignup22Test@66d3eec0]" started-at="2022-08-23T16:11:54 IST" name="Studentouut" finished-at="2022-08-23T16:11:57 IST" duration-ms="3173" status="PASS">
          <reporter-output>
          </reporter-output>
        </test-method> <!-- Studentouut -->
        <test-method is-config="true" signature="confgAM()[pri:0, instance:com.testyourskill.PRACTICE.StudentSignup22Test@66d3eec0]" started-at="2022-08-23T16:11:57 IST" name="confgAM" finished-at="2022-08-23T16:11:57 IST" duration-ms="1" status="PASS">
          <reporter-output>
          </reporter-output>
        </test-method> <!-- confgAM -->
        <test-method signature="signup()[pri:1, instance:com.testyourskill.PRACTICE.StudentSignup22Test@66d3eec0]" started-at="2022-08-23T16:11:57 IST" name="signup" finished-at="2022-08-23T16:12:00 IST" duration-ms="2887" status="PASS">
          <reporter-output>
          </reporter-output>
        </test-method> <!-- signup -->
        <test-method is-config="true" signature="configBM()[pri:0, instance:com.testyourskill.PRACTICE.StudentSignup22Test@66d3eec0]" started-at="2022-08-23T16:11:57 IST" name="configBM" finished-at="2022-08-23T16:11:57 IST" duration-ms="0" status="PASS">
          <reporter-output>
          </reporter-output>
        </test-method> <!-- configBM -->
        <test-method is-config="true" signature="confgAM()[pri:0, instance:com.testyourskill.PRACTICE.StudentSignup22Test@66d3eec0]" started-at="2022-08-23T16:12:00 IST" name="confgAM" finished-at="2022-08-23T16:12:00 IST" duration-ms="0" status="PASS">
          <reporter-output>
          </reporter-output>
        </test-method> <!-- confgAM -->
        <test-method is-config="true" signature="configBM()[pri:0, instance:com.testyourskill.PRACTICE.StudentSignup22Test@66d3eec0]" started-at="2022-08-23T16:12:00 IST" name="configBM" finished-at="2022-08-23T16:12:00 IST" duration-ms="1" status="PASS">
          <reporter-output>
          </reporter-output>
        </test-method> <!-- configBM -->
        <test-method signature="stdtakeTest()[pri:2, instance:com.testyourskill.PRACTICE.StudentSignup22Test@66d3eec0]" started-at="2022-08-23T16:12:00 IST" name="stdtakeTest" finished-at="2022-08-23T16:12:00 IST" duration-ms="316" status="PASS">
          <reporter-output>
          </reporter-output>
        </test-method> <!-- stdtakeTest -->
        <test-method is-config="true" signature="confgAM()[pri:0, instance:com.testyourskill.PRACTICE.StudentSignup22Test@66d3eec0]" started-at="2022-08-23T16:12:00 IST" name="confgAM" finished-at="2022-08-23T16:12:00 IST" duration-ms="3" status="PASS">
          <reporter-output>
          </reporter-output>
        </test-method> <!-- confgAM -->
        <test-method is-config="true" signature="configBM()[pri:0, instance:com.testyourskill.PRACTICE.StudentSignup22Test@66d3eec0]" started-at="2022-08-23T16:12:00 IST" name="configBM" finished-at="2022-08-23T16:12:00 IST" duration-ms="1" status="PASS">
          <reporter-output>
          </reporter-output>
        </test-method> <!-- configBM -->
        <test-method signature="AttendQuiz()[pri:3, instance:com.testyourskill.PRACTICE.StudentSignup22Test@66d3eec0]" started-at="2022-08-23T16:12:00 IST" name="AttendQuiz" finished-at="2022-08-23T16:12:02 IST" duration-ms="1761" status="PASS">
          <reporter-output>
          </reporter-output>
        </test-method> <!-- AttendQuiz -->
        <test-method is-config="true" signature="confgAM()[pri:0, instance:com.testyourskill.PRACTICE.StudentSignup22Test@66d3eec0]" started-at="2022-08-23T16:12:02 IST" name="confgAM" finished-at="2022-08-23T16:12:02 IST" duration-ms="3" status="PASS">
          <reporter-output>
          </reporter-output>
        </test-method> <!-- confgAM -->
        <test-method is-config="true" signature="configAC()[pri:0, instance:com.testyourskill.PRACTICE.StudentSignup22Test@66d3eec0]" started-at="2022-08-23T16:12:02 IST" name="configAC" finished-at="2022-08-23T16:12:02 IST" duration-ms="1" status="PASS">
          <reporter-output>
          </reporter-output>
        </test-method> <!-- configAC -->
        <test-method is-config="true" signature="configAS()[pri:0, instance:com.testyourskill.PRACTICE.StudentSignup22Test@66d3eec0]" started-at="2022-08-23T16:12:02 IST" name="configAS" finished-at="2022-08-23T16:12:02 IST" duration-ms="1" status="PASS">
          <reporter-output>
          </reporter-output>
        </test-method> <!-- configAS -->
      </class> <!-- com.testyourskill.PRACTICE.StudentSignup22Test -->
    </test> <!-- Default test -->
  </suite> <!-- Default suite -->
</testng-results>
