<?xml version="1.0" encoding="UTF-8"?>
<!-- Generated by org.testng.reporters.JUnitXMLReporter -->
<testsuite ignored="0" hostname="DESKTOP-3K9HUG1" failures="0" tests="5" name="Test" time="19.498" errors="0" timestamp="2022-08-18T10:56:39 IST">
  <testcase classname="com.testyourskill.PRACTICE.StudentSignup22" name="LoginAdmin" time="6.735"/>
  <testcase classname="com.testyourskill.PRACTICE.StudentSignup22" name="Studentouut" time="3.182"/>
  <testcase classname="com.testyourskill.PRACTICE.StudentSignup22" name="signup" time="2.693"/>
  <testcase classname="com.testyourskill.PRACTICE.StudentSignup22" name="stdtakeTest" time="0.198"/>
  <testcase classname="com.testyourskill.PRACTICE.StudentSignup22" name="AttendQuiz" time="1.369"/>
</testsuite> <!-- Test -->
